The system is: Linux - 3.10.0-1160.6.1.el7.x86_64 - x86_64
Compiling the C compiler identification source file "CMakeCCompilerId.c" succeeded.
Compiler: /cvmfs/lz.opensciencegrid.org/external/gcc/7.3.0/x86_64-centos7/bin/gcc 
Build flags: 
Id flags:  

The output was:
0


Compilation of the C compiler identification source "CMakeCCompilerId.c" produced "a.out"

The C compiler identification is GNU, found in "/home/rossiter/MuonTomography_2020/MuonTomographySIMS_210201/task3-build/CMakeFiles/3.13.3/CompilerIdC/a.out"

Compiling the CXX compiler identification source file "CMakeCXXCompilerId.cpp" succeeded.
Compiler: /cvmfs/lz.opensciencegrid.org/external/gcc/7.3.0/x86_64-centos7/bin/g++ 
Build flags: 
Id flags:  

The output was:
0


Compilation of the CXX compiler identification source "CMakeCXXCompilerId.cpp" produced "a.out"

The CXX compiler identification is GNU, found in "/home/rossiter/MuonTomography_2020/MuonTomographySIMS_210201/task3-build/CMakeFiles/3.13.3/CompilerIdCXX/a.out"

Determining if the C compiler works passed with the following output:
Change Dir: /home/rossiter/MuonTomography_2020/MuonTomographySIMS_210201/task3-build/CMakeFiles/CMakeTmp

Run Build Command:"/usr/bin/gmake" "cmTC_eab5f/fast"
/usr/bin/gmake -f CMakeFiles/cmTC_eab5f.dir/build.make CMakeFiles/cmTC_eab5f.dir/build
gmake[1]: Entering directory `/home/rossiter/MuonTomography_2020/MuonTomographySIMS_210201/task3-build/CMakeFiles/CMakeTmp'
Building C object CMakeFiles/cmTC_eab5f.dir/testCCompiler.c.o
/cvmfs/lz.opensciencegrid.org/external/gcc/7.3.0/x86_64-centos7/bin/gcc    -o CMakeFiles/cmTC_eab5f.dir/testCCompiler.c.o   -c /home/rossiter/MuonTomography_2020/MuonTomographySIMS_210201/task3-build/CMakeFiles/CMakeTmp/testCCompiler.c
Linking C executable cmTC_eab5f
/cvmfs/lz.opensciencegrid.org/external/CMake/3.13.3/x86_64-centos7-gcc7-opt/bin/cmake -E cmake_link_script CMakeFiles/cmTC_eab5f.dir/link.txt --verbose=1
/cvmfs/lz.opensciencegrid.org/external/gcc/7.3.0/x86_64-centos7/bin/gcc      -rdynamic CMakeFiles/cmTC_eab5f.dir/testCCompiler.c.o  -o cmTC_eab5f 
gmake[1]: Leaving directory `/home/rossiter/MuonTomography_2020/MuonTomographySIMS_210201/task3-build/CMakeFiles/CMakeTmp'


Detecting C compiler ABI info compiled with the following output:
Change Dir: /home/rossiter/MuonTomography_2020/MuonTomographySIMS_210201/task3-build/CMakeFiles/CMakeTmp

Run Build Command:"/usr/bin/gmake" "cmTC_d0137/fast"
/usr/bin/gmake -f CMakeFiles/cmTC_d0137.dir/build.make CMakeFiles/cmTC_d0137.dir/build
gmake[1]: Entering directory `/home/rossiter/MuonTomography_2020/MuonTomographySIMS_210201/task3-build/CMakeFiles/CMakeTmp'
Building C object CMakeFiles/cmTC_d0137.dir/CMakeCCompilerABI.c.o
/cvmfs/lz.opensciencegrid.org/external/gcc/7.3.0/x86_64-centos7/bin/gcc    -o CMakeFiles/cmTC_d0137.dir/CMakeCCompilerABI.c.o   -c /cvmfs/lz.opensciencegrid.org/external/CMake/3.13.3/x86_64-centos7-gcc7-opt/share/cmake-3.13/Modules/CMakeCCompilerABI.c
Linking C executable cmTC_d0137
/cvmfs/lz.opensciencegrid.org/external/CMake/3.13.3/x86_64-centos7-gcc7-opt/bin/cmake -E cmake_link_script CMakeFiles/cmTC_d0137.dir/link.txt --verbose=1
/cvmfs/lz.opensciencegrid.org/external/gcc/7.3.0/x86_64-centos7/bin/gcc     -v -rdynamic CMakeFiles/cmTC_d0137.dir/CMakeCCompilerABI.c.o  -o cmTC_d0137 
Using built-in specs.
COLLECT_GCC=/cvmfs/lz.opensciencegrid.org/external/gcc/7.3.0/x86_64-centos7/bin/gcc
COLLECT_LTO_WRAPPER=/cvmfs/sft.cern.ch/lcg/releases/gcc/7.3.0-cb1ee/x86_64-centos7/bin/../libexec/gcc/x86_64-pc-linux-gnu/7.3.0/lto-wrapper
Target: x86_64-pc-linux-gnu
Configured with: /afs/cern.ch/cms/CAF/CMSCOMM/COMM_ECAL/dkonst/GCC/build/contrib/gcc-7.3.0/src/gcc/7.3.0/configure --prefix=/afs/cern.ch/cms/CAF/CMSCOMM/COMM_ECAL/dkonst/GCC/lcgcmake-install/gcc/7.3.0/x86_64-centos7 -with-system-zlib --disable-multilib --enable-languages=all --with-gnu-ld --with-ld=/afs/cern.ch/cms/CAF/CMSCOMM/COMM_ECAL/dkonst/GCC/lcgcmake-install/binutils/2.28/x86_64-centos7/bin/ld --with-gnu-as --with-as=/afs/cern.ch/cms/CAF/CMSCOMM/COMM_ECAL/dkonst/GCC/lcgcmake-install/binutils/2.28/x86_64-centos7/bin/as
Thread model: posix
gcc version 7.3.0 (GCC) 
COMPILER_PATH=/cvmfs/sft.cern.ch/lcg/releases/gcc/7.3.0-cb1ee/x86_64-centos7/bin/../libexec/gcc/x86_64-pc-linux-gnu/7.3.0/:/cvmfs/sft.cern.ch/lcg/releases/gcc/7.3.0-cb1ee/x86_64-centos7/bin/../libexec/gcc/:/cvmfs/sft.cern.ch/lcg/releases/gcc/7.3.0-cb1ee/x86_64-centos7/
LIBRARY_PATH=/cvmfs/sft.cern.ch/lcg/releases/gcc/7.3.0-cb1ee/x86_64-centos7/bin/../lib/gcc/x86_64-pc-linux-gnu/7.3.0/:/cvmfs/sft.cern.ch/lcg/releases/gcc/7.3.0-cb1ee/x86_64-centos7/bin/../lib/gcc/:/cvmfs/sft.cern.ch/lcg/releases/gcc/7.3.0-cb1ee/x86_64-centos7/bin/../lib/gcc/x86_64-pc-linux-gnu/7.3.0/../../../../lib64/:/lib/../lib64/:/usr/lib/../lib64/:/cvmfs/sft.cern.ch/lcg/releases/gcc/7.3.0-cb1ee/x86_64-centos7/bin/../lib/gcc/x86_64-pc-linux-gnu/7.3.0/../../../:/lib/:/usr/lib/
COLLECT_GCC_OPTIONS='-v' '-rdynamic' '-o' 'cmTC_d0137' '-mtune=generic' '-march=x86-64'
 /cvmfs/sft.cern.ch/lcg/releases/gcc/7.3.0-cb1ee/x86_64-centos7/bin/../libexec/gcc/x86_64-pc-linux-gnu/7.3.0/collect2 -plugin /cvmfs/sft.cern.ch/lcg/releases/gcc/7.3.0-cb1ee/x86_64-centos7/bin/../libexec/gcc/x86_64-pc-linux-gnu/7.3.0/liblto_plugin.so -plugin-opt=/cvmfs/sft.cern.ch/lcg/releases/gcc/7.3.0-cb1ee/x86_64-centos7/bin/../libexec/gcc/x86_64-pc-linux-gnu/7.3.0/lto-wrapper -plugin-opt=-fresolution=/tmp/rossiter/ccI8i200.res -plugin-opt=-pass-through=-lgcc -plugin-opt=-pass-through=-lgcc_s -plugin-opt=-pass-through=-lc -plugin-opt=-pass-through=-lgcc -plugin-opt=-pass-through=-lgcc_s --eh-frame-hdr -m elf_x86_64 -export-dynamic -dynamic-linker /lib64/ld-linux-x86-64.so.2 -o cmTC_d0137 /lib/../lib64/crt1.o /lib/../lib64/crti.o /cvmfs/sft.cern.ch/lcg/releases/gcc/7.3.0-cb1ee/x86_64-centos7/bin/../lib/gcc/x86_64-pc-linux-gnu/7.3.0/crtbegin.o -L/cvmfs/sft.cern.ch/lcg/releases/gcc/7.3.0-cb1ee/x86_64-centos7/bin/../lib/gcc/x86_64-pc-linux-gnu/7.3.0 -L/cvmfs/sft.cern.ch/lcg/releases/gcc/7.3.0-cb1ee/x86_64-centos7/bin/../lib/gcc -L/cvmfs/sft.cern.ch/lcg/releases/gcc/7.3.0-cb1ee/x86_64-centos7/bin/../lib/gcc/x86_64-pc-linux-gnu/7.3.0/../../../../lib64 -L/lib/../lib64 -L/usr/lib/../lib64 -L/cvmfs/sft.cern.ch/lcg/releases/gcc/7.3.0-cb1ee/x86_64-centos7/bin/../lib/gcc/x86_64-pc-linux-gnu/7.3.0/../../.. CMakeFiles/cmTC_d0137.dir/CMakeCCompilerABI.c.o -lgcc --as-needed -lgcc_s --no-as-needed -lc -lgcc --as-needed -lgcc_s --no-as-needed /cvmfs/sft.cern.ch/lcg/releases/gcc/7.3.0-cb1ee/x86_64-centos7/bin/../lib/gcc/x86_64-pc-linux-gnu/7.3.0/crtend.o /lib/../lib64/crtn.o
COLLECT_GCC_OPTIONS='-v' '-rdynamic' '-o' 'cmTC_d0137' '-mtune=generic' '-march=x86-64'
gmake[1]: Leaving directory `/home/rossiter/MuonTomography_2020/MuonTomographySIMS_210201/task3-build/CMakeFiles/CMakeTmp'


Parsed C implicit link information from above output:
  link line regex: [^( *|.*[/\])(ld|CMAKE_LINK_STARTFILE-NOTFOUND|([^/\]+-)?ld|collect2)[^/\]*( |$)]
  ignore line: [Change Dir: /home/rossiter/MuonTomography_2020/MuonTomographySIMS_210201/task3-build/CMakeFiles/CMakeTmp]
  ignore line: []
  ignore line: [Run Build Command:"/usr/bin/gmake" "cmTC_d0137/fast"]
  ignore line: [/usr/bin/gmake -f CMakeFiles/cmTC_d0137.dir/build.make CMakeFiles/cmTC_d0137.dir/build]
  ignore line: [gmake[1]: Entering directory `/home/rossiter/MuonTomography_2020/MuonTomographySIMS_210201/task3-build/CMakeFiles/CMakeTmp']
  ignore line: [Building C object CMakeFiles/cmTC_d0137.dir/CMakeCCompilerABI.c.o]
  ignore line: [/cvmfs/lz.opensciencegrid.org/external/gcc/7.3.0/x86_64-centos7/bin/gcc    -o CMakeFiles/cmTC_d0137.dir/CMakeCCompilerABI.c.o   -c /cvmfs/lz.opensciencegrid.org/external/CMake/3.13.3/x86_64-centos7-gcc7-opt/share/cmake-3.13/Modules/CMakeCCompilerABI.c]
  ignore line: [Linking C executable cmTC_d0137]
  ignore line: [/cvmfs/lz.opensciencegrid.org/external/CMake/3.13.3/x86_64-centos7-gcc7-opt/bin/cmake -E cmake_link_script CMakeFiles/cmTC_d0137.dir/link.txt --verbose=1]
  ignore line: [/cvmfs/lz.opensciencegrid.org/external/gcc/7.3.0/x86_64-centos7/bin/gcc     -v -rdynamic CMakeFiles/cmTC_d0137.dir/CMakeCCompilerABI.c.o  -o cmTC_d0137 ]
  ignore line: [Using built-in specs.]
  ignore line: [COLLECT_GCC=/cvmfs/lz.opensciencegrid.org/external/gcc/7.3.0/x86_64-centos7/bin/gcc]
  ignore line: [COLLECT_LTO_WRAPPER=/cvmfs/sft.cern.ch/lcg/releases/gcc/7.3.0-cb1ee/x86_64-centos7/bin/../libexec/gcc/x86_64-pc-linux-gnu/7.3.0/lto-wrapper]
  ignore line: [Target: x86_64-pc-linux-gnu]
  ignore line: [Configured with: /afs/cern.ch/cms/CAF/CMSCOMM/COMM_ECAL/dkonst/GCC/build/contrib/gcc-7.3.0/src/gcc/7.3.0/configure --prefix=/afs/cern.ch/cms/CAF/CMSCOMM/COMM_ECAL/dkonst/GCC/lcgcmake-install/gcc/7.3.0/x86_64-centos7 -with-system-zlib --disable-multilib --enable-languages=all --with-gnu-ld --with-ld=/afs/cern.ch/cms/CAF/CMSCOMM/COMM_ECAL/dkonst/GCC/lcgcmake-install/binutils/2.28/x86_64-centos7/bin/ld --with-gnu-as --with-as=/afs/cern.ch/cms/CAF/CMSCOMM/COMM_ECAL/dkonst/GCC/lcgcmake-install/binutils/2.28/x86_64-centos7/bin/as]
  ignore line: [Thread model: posix]
  ignore line: [gcc version 7.3.0 (GCC) ]
  ignore line: [COMPILER_PATH=/cvmfs/sft.cern.ch/lcg/releases/gcc/7.3.0-cb1ee/x86_64-centos7/bin/../libexec/gcc/x86_64-pc-linux-gnu/7.3.0/:/cvmfs/sft.cern.ch/lcg/releases/gcc/7.3.0-cb1ee/x86_64-centos7/bin/../libexec/gcc/:/cvmfs/sft.cern.ch/lcg/releases/gcc/7.3.0-cb1ee/x86_64-centos7/]
  ignore line: [LIBRARY_PATH=/cvmfs/sft.cern.ch/lcg/releases/gcc/7.3.0-cb1ee/x86_64-centos7/bin/../lib/gcc/x86_64-pc-linux-gnu/7.3.0/:/cvmfs/sft.cern.ch/lcg/releases/gcc/7.3.0-cb1ee/x86_64-centos7/bin/../lib/gcc/:/cvmfs/sft.cern.ch/lcg/releases/gcc/7.3.0-cb1ee/x86_64-centos7/bin/../lib/gcc/x86_64-pc-linux-gnu/7.3.0/../../../../lib64/:/lib/../lib64/:/usr/lib/../lib64/:/cvmfs/sft.cern.ch/lcg/releases/gcc/7.3.0-cb1ee/x86_64-centos7/bin/../lib/gcc/x86_64-pc-linux-gnu/7.3.0/../../../:/lib/:/usr/lib/]
  ignore line: [COLLECT_GCC_OPTIONS='-v' '-rdynamic' '-o' 'cmTC_d0137' '-mtune=generic' '-march=x86-64']
  link line: [ /cvmfs/sft.cern.ch/lcg/releases/gcc/7.3.0-cb1ee/x86_64-centos7/bin/../libexec/gcc/x86_64-pc-linux-gnu/7.3.0/collect2 -plugin /cvmfs/sft.cern.ch/lcg/releases/gcc/7.3.0-cb1ee/x86_64-centos7/bin/../libexec/gcc/x86_64-pc-linux-gnu/7.3.0/liblto_plugin.so -plugin-opt=/cvmfs/sft.cern.ch/lcg/releases/gcc/7.3.0-cb1ee/x86_64-centos7/bin/../libexec/gcc/x86_64-pc-linux-gnu/7.3.0/lto-wrapper -plugin-opt=-fresolution=/tmp/rossiter/ccI8i200.res -plugin-opt=-pass-through=-lgcc -plugin-opt=-pass-through=-lgcc_s -plugin-opt=-pass-through=-lc -plugin-opt=-pass-through=-lgcc -plugin-opt=-pass-through=-lgcc_s --eh-frame-hdr -m elf_x86_64 -export-dynamic -dynamic-linker /lib64/ld-linux-x86-64.so.2 -o cmTC_d0137 /lib/../lib64/crt1.o /lib/../lib64/crti.o /cvmfs/sft.cern.ch/lcg/releases/gcc/7.3.0-cb1ee/x86_64-centos7/bin/../lib/gcc/x86_64-pc-linux-gnu/7.3.0/crtbegin.o -L/cvmfs/sft.cern.ch/lcg/releases/gcc/7.3.0-cb1ee/x86_64-centos7/bin/../lib/gcc/x86_64-pc-linux-gnu/7.3.0 -L/cvmfs/sft.cern.ch/lcg/releases/gcc/7.3.0-cb1ee/x86_64-centos7/bin/../lib/gcc -L/cvmfs/sft.cern.ch/lcg/releases/gcc/7.3.0-cb1ee/x86_64-centos7/bin/../lib/gcc/x86_64-pc-linux-gnu/7.3.0/../../../../lib64 -L/lib/../lib64 -L/usr/lib/../lib64 -L/cvmfs/sft.cern.ch/lcg/releases/gcc/7.3.0-cb1ee/x86_64-centos7/bin/../lib/gcc/x86_64-pc-linux-gnu/7.3.0/../../.. CMakeFiles/cmTC_d0137.dir/CMakeCCompilerABI.c.o -lgcc --as-needed -lgcc_s --no-as-needed -lc -lgcc --as-needed -lgcc_s --no-as-needed /cvmfs/sft.cern.ch/lcg/releases/gcc/7.3.0-cb1ee/x86_64-centos7/bin/../lib/gcc/x86_64-pc-linux-gnu/7.3.0/crtend.o /lib/../lib64/crtn.o]
    arg [/cvmfs/sft.cern.ch/lcg/releases/gcc/7.3.0-cb1ee/x86_64-centos7/bin/../libexec/gcc/x86_64-pc-linux-gnu/7.3.0/collect2] ==> ignore
    arg [-plugin] ==> ignore
    arg [/cvmfs/sft.cern.ch/lcg/releases/gcc/7.3.0-cb1ee/x86_64-centos7/bin/../libexec/gcc/x86_64-pc-linux-gnu/7.3.0/liblto_plugin.so] ==> ignore
    arg [-plugin-opt=/cvmfs/sft.cern.ch/lcg/releases/gcc/7.3.0-cb1ee/x86_64-centos7/bin/../libexec/gcc/x86_64-pc-linux-gnu/7.3.0/lto-wrapper] ==> ignore
    arg [-plugin-opt=-fresolution=/tmp/rossiter/ccI8i200.res] ==> ignore
    arg [-plugin-opt=-pass-through=-lgcc] ==> ignore
    arg [-plugin-opt=-pass-through=-lgcc_s] ==> ignore
    arg [-plugin-opt=-pass-through=-lc] ==> ignore
    arg [-plugin-opt=-pass-through=-lgcc] ==> ignore
    arg [-plugin-opt=-pass-through=-lgcc_s] ==> ignore
    arg [--eh-frame-hdr] ==> ignore
    arg [-m] ==> ignore
    arg [elf_x86_64] ==> ignore
    arg [-export-dynamic] ==> ignore
    arg [-dynamic-linker] ==> ignore
    arg [/lib64/ld-linux-x86-64.so.2] ==> ignore
    arg [-o] ==> ignore
    arg [cmTC_d0137] ==> ignore
    arg [/lib/../lib64/crt1.o] ==> ignore
    arg [/lib/../lib64/crti.o] ==> ignore
    arg [/cvmfs/sft.cern.ch/lcg/releases/gcc/7.3.0-cb1ee/x86_64-centos7/bin/../lib/gcc/x86_64-pc-linux-gnu/7.3.0/crtbegin.o] ==> ignore
    arg [-L/cvmfs/sft.cern.ch/lcg/releases/gcc/7.3.0-cb1ee/x86_64-centos7/bin/../lib/gcc/x86_64-pc-linux-gnu/7.3.0] ==> dir [/cvmfs/sft.cern.ch/lcg/releases/gcc/7.3.0-cb1ee/x86_64-centos7/bin/../lib/gcc/x86_64-pc-linux-gnu/7.3.0]
    arg [-L/cvmfs/sft.cern.ch/lcg/releases/gcc/7.3.0-cb1ee/x86_64-centos7/bin/../lib/gcc] ==> dir [/cvmfs/sft.cern.ch/lcg/releases/gcc/7.3.0-cb1ee/x86_64-centos7/bin/../lib/gcc]
    arg [-L/cvmfs/sft.cern.ch/lcg/releases/gcc/7.3.0-cb1ee/x86_64-centos7/bin/../lib/gcc/x86_64-pc-linux-gnu/7.3.0/../../../../lib64] ==> dir [/cvmfs/sft.cern.ch/lcg/releases/gcc/7.3.0-cb1ee/x86_64-centos7/bin/../lib/gcc/x86_64-pc-linux-gnu/7.3.0/../../../../lib64]
    arg [-L/lib/../lib64] ==> dir [/lib/../lib64]
    arg [-L/usr/lib/../lib64] ==> dir [/usr/lib/../lib64]
    arg [-L/cvmfs/sft.cern.ch/lcg/releases/gcc/7.3.0-cb1ee/x86_64-centos7/bin/../lib/gcc/x86_64-pc-linux-gnu/7.3.0/../../..] ==> dir [/cvmfs/sft.cern.ch/lcg/releases/gcc/7.3.0-cb1ee/x86_64-centos7/bin/../lib/gcc/x86_64-pc-linux-gnu/7.3.0/../../..]
    arg [CMakeFiles/cmTC_d0137.dir/CMakeCCompilerABI.c.o] ==> ignore
    arg [-lgcc] ==> lib [gcc]
    arg [--as-needed] ==> ignore
    arg [-lgcc_s] ==> lib [gcc_s]
    arg [--no-as-needed] ==> ignore
    arg [-lc] ==> lib [c]
    arg [-lgcc] ==> lib [gcc]
    arg [--as-needed] ==> ignore
    arg [-lgcc_s] ==> lib [gcc_s]
    arg [--no-as-needed] ==> ignore
    arg [/cvmfs/sft.cern.ch/lcg/releases/gcc/7.3.0-cb1ee/x86_64-centos7/bin/../lib/gcc/x86_64-pc-linux-gnu/7.3.0/crtend.o] ==> ignore
    arg [/lib/../lib64/crtn.o] ==> ignore
  collapse library dir [/cvmfs/sft.cern.ch/lcg/releases/gcc/7.3.0-cb1ee/x86_64-centos7/bin/../lib/gcc/x86_64-pc-linux-gnu/7.3.0] ==> [/cvmfs/sft.cern.ch/lcg/releases/gcc/7.3.0-cb1ee/x86_64-centos7/lib/gcc/x86_64-pc-linux-gnu/7.3.0]
  collapse library dir [/cvmfs/sft.cern.ch/lcg/releases/gcc/7.3.0-cb1ee/x86_64-centos7/bin/../lib/gcc] ==> [/cvmfs/sft.cern.ch/lcg/releases/gcc/7.3.0-cb1ee/x86_64-centos7/lib/gcc]
  collapse library dir [/cvmfs/sft.cern.ch/lcg/releases/gcc/7.3.0-cb1ee/x86_64-centos7/bin/../lib/gcc/x86_64-pc-linux-gnu/7.3.0/../../../../lib64] ==> [/cvmfs/sft.cern.ch/lcg/releases/gcc/7.3.0-cb1ee/x86_64-centos7/lib64]
  collapse library dir [/lib/../lib64] ==> [/lib64]
  collapse library dir [/usr/lib/../lib64] ==> [/usr/lib64]
  collapse library dir [/cvmfs/sft.cern.ch/lcg/releases/gcc/7.3.0-cb1ee/x86_64-centos7/bin/../lib/gcc/x86_64-pc-linux-gnu/7.3.0/../../..] ==> [/cvmfs/sft.cern.ch/lcg/releases/gcc/7.3.0-cb1ee/x86_64-centos7/lib]
  implicit libs: [gcc;gcc_s;c;gcc;gcc_s]
  implicit dirs: [/cvmfs/sft.cern.ch/lcg/releases/gcc/7.3.0-cb1ee/x86_64-centos7/lib/gcc/x86_64-pc-linux-gnu/7.3.0;/cvmfs/sft.cern.ch/lcg/releases/gcc/7.3.0-cb1ee/x86_64-centos7/lib/gcc;/cvmfs/sft.cern.ch/lcg/releases/gcc/7.3.0-cb1ee/x86_64-centos7/lib64;/lib64;/usr/lib64;/cvmfs/sft.cern.ch/lcg/releases/gcc/7.3.0-cb1ee/x86_64-centos7/lib]
  implicit fwks: []




Detecting C [-std=c11] compiler features compiled with the following output:
Change Dir: /home/rossiter/MuonTomography_2020/MuonTomographySIMS_210201/task3-build/CMakeFiles/CMakeTmp

Run Build Command:"/usr/bin/gmake" "cmTC_e4277/fast"
/usr/bin/gmake -f CMakeFiles/cmTC_e4277.dir/build.make CMakeFiles/cmTC_e4277.dir/build
gmake[1]: Entering directory `/home/rossiter/MuonTomography_2020/MuonTomographySIMS_210201/task3-build/CMakeFiles/CMakeTmp'
Building C object CMakeFiles/cmTC_e4277.dir/feature_tests.c.o
/cvmfs/lz.opensciencegrid.org/external/gcc/7.3.0/x86_64-centos7/bin/gcc   -std=c11 -o CMakeFiles/cmTC_e4277.dir/feature_tests.c.o   -c /home/rossiter/MuonTomography_2020/MuonTomographySIMS_210201/task3-build/CMakeFiles/feature_tests.c
Linking C executable cmTC_e4277
/cvmfs/lz.opensciencegrid.org/external/CMake/3.13.3/x86_64-centos7-gcc7-opt/bin/cmake -E cmake_link_script CMakeFiles/cmTC_e4277.dir/link.txt --verbose=1
/cvmfs/lz.opensciencegrid.org/external/gcc/7.3.0/x86_64-centos7/bin/gcc      -rdynamic CMakeFiles/cmTC_e4277.dir/feature_tests.c.o  -o cmTC_e4277 
gmake[1]: Leaving directory `/home/rossiter/MuonTomography_2020/MuonTomographySIMS_210201/task3-build/CMakeFiles/CMakeTmp'


    Feature record: C_FEATURE:1c_function_prototypes
    Feature record: C_FEATURE:1c_restrict
    Feature record: C_FEATURE:1c_static_assert
    Feature record: C_FEATURE:1c_variadic_macros


Detecting C [-std=c99] compiler features compiled with the following output:
Change Dir: /home/rossiter/MuonTomography_2020/MuonTomographySIMS_210201/task3-build/CMakeFiles/CMakeTmp

Run Build Command:"/usr/bin/gmake" "cmTC_daf5a/fast"
/usr/bin/gmake -f CMakeFiles/cmTC_daf5a.dir/build.make CMakeFiles/cmTC_daf5a.dir/build
gmake[1]: Entering directory `/home/rossiter/MuonTomography_2020/MuonTomographySIMS_210201/task3-build/CMakeFiles/CMakeTmp'
Building C object CMakeFiles/cmTC_daf5a.dir/feature_tests.c.o
/cvmfs/lz.opensciencegrid.org/external/gcc/7.3.0/x86_64-centos7/bin/gcc   -std=c99 -o CMakeFiles/cmTC_daf5a.dir/feature_tests.c.o   -c /home/rossiter/MuonTomography_2020/MuonTomographySIMS_210201/task3-build/CMakeFiles/feature_tests.c
Linking C executable cmTC_daf5a
/cvmfs/lz.opensciencegrid.org/external/CMake/3.13.3/x86_64-centos7-gcc7-opt/bin/cmake -E cmake_link_script CMakeFiles/cmTC_daf5a.dir/link.txt --verbose=1
/cvmfs/lz.opensciencegrid.org/external/gcc/7.3.0/x86_64-centos7/bin/gcc      -rdynamic CMakeFiles/cmTC_daf5a.dir/feature_tests.c.o  -o cmTC_daf5a 
gmake[1]: Leaving directory `/home/rossiter/MuonTomography_2020/MuonTomographySIMS_210201/task3-build/CMakeFiles/CMakeTmp'


    Feature record: C_FEATURE:1c_function_prototypes
    Feature record: C_FEATURE:1c_restrict
    Feature record: C_FEATURE:0c_static_assert
    Feature record: C_FEATURE:1c_variadic_macros


Detecting C [-std=c90] compiler features compiled with the following output:
Change Dir: /home/rossiter/MuonTomography_2020/MuonTomographySIMS_210201/task3-build/CMakeFiles/CMakeTmp

Run Build Command:"/usr/bin/gmake" "cmTC_ef488/fast"
/usr/bin/gmake -f CMakeFiles/cmTC_ef488.dir/build.make CMakeFiles/cmTC_ef488.dir/build
gmake[1]: Entering directory `/home/rossiter/MuonTomography_2020/MuonTomographySIMS_210201/task3-build/CMakeFiles/CMakeTmp'
Building C object CMakeFiles/cmTC_ef488.dir/feature_tests.c.o
/cvmfs/lz.opensciencegrid.org/external/gcc/7.3.0/x86_64-centos7/bin/gcc   -std=c90 -o CMakeFiles/cmTC_ef488.dir/feature_tests.c.o   -c /home/rossiter/MuonTomography_2020/MuonTomographySIMS_210201/task3-build/CMakeFiles/feature_tests.c
Linking C executable cmTC_ef488
/cvmfs/lz.opensciencegrid.org/external/CMake/3.13.3/x86_64-centos7-gcc7-opt/bin/cmake -E cmake_link_script CMakeFiles/cmTC_ef488.dir/link.txt --verbose=1
/cvmfs/lz.opensciencegrid.org/external/gcc/7.3.0/x86_64-centos7/bin/gcc      -rdynamic CMakeFiles/cmTC_ef488.dir/feature_tests.c.o  -o cmTC_ef488 
gmake[1]: Leaving directory `/home/rossiter/MuonTomography_2020/MuonTomographySIMS_210201/task3-build/CMakeFiles/CMakeTmp'


    Feature record: C_FEATURE:1c_function_prototypes
    Feature record: C_FEATURE:0c_restrict
    Feature record: C_FEATURE:0c_static_assert
    Feature record: C_FEATURE:0c_variadic_macros
Determining if the CXX compiler works passed with the following output:
Change Dir: /home/rossiter/MuonTomography_2020/MuonTomographySIMS_210201/task3-build/CMakeFiles/CMakeTmp

Run Build Command:"/usr/bin/gmake" "cmTC_dea42/fast"
/usr/bin/gmake -f CMakeFiles/cmTC_dea42.dir/build.make CMakeFiles/cmTC_dea42.dir/build
gmake[1]: Entering directory `/home/rossiter/MuonTomography_2020/MuonTomographySIMS_210201/task3-build/CMakeFiles/CMakeTmp'
Building CXX object CMakeFiles/cmTC_dea42.dir/testCXXCompiler.cxx.o
/cvmfs/lz.opensciencegrid.org/external/gcc/7.3.0/x86_64-centos7/bin/g++     -o CMakeFiles/cmTC_dea42.dir/testCXXCompiler.cxx.o -c /home/rossiter/MuonTomography_2020/MuonTomographySIMS_210201/task3-build/CMakeFiles/CMakeTmp/testCXXCompiler.cxx
Linking CXX executable cmTC_dea42
/cvmfs/lz.opensciencegrid.org/external/CMake/3.13.3/x86_64-centos7-gcc7-opt/bin/cmake -E cmake_link_script CMakeFiles/cmTC_dea42.dir/link.txt --verbose=1
/cvmfs/lz.opensciencegrid.org/external/gcc/7.3.0/x86_64-centos7/bin/g++       -rdynamic CMakeFiles/cmTC_dea42.dir/testCXXCompiler.cxx.o  -o cmTC_dea42 
gmake[1]: Leaving directory `/home/rossiter/MuonTomography_2020/MuonTomographySIMS_210201/task3-build/CMakeFiles/CMakeTmp'


Detecting CXX compiler ABI info compiled with the following output:
Change Dir: /home/rossiter/MuonTomography_2020/MuonTomographySIMS_210201/task3-build/CMakeFiles/CMakeTmp

Run Build Command:"/usr/bin/gmake" "cmTC_afebd/fast"
/usr/bin/gmake -f CMakeFiles/cmTC_afebd.dir/build.make CMakeFiles/cmTC_afebd.dir/build
gmake[1]: Entering directory `/home/rossiter/MuonTomography_2020/MuonTomographySIMS_210201/task3-build/CMakeFiles/CMakeTmp'
Building CXX object CMakeFiles/cmTC_afebd.dir/CMakeCXXCompilerABI.cpp.o
/cvmfs/lz.opensciencegrid.org/external/gcc/7.3.0/x86_64-centos7/bin/g++     -o CMakeFiles/cmTC_afebd.dir/CMakeCXXCompilerABI.cpp.o -c /cvmfs/lz.opensciencegrid.org/external/CMake/3.13.3/x86_64-centos7-gcc7-opt/share/cmake-3.13/Modules/CMakeCXXCompilerABI.cpp
Linking CXX executable cmTC_afebd
/cvmfs/lz.opensciencegrid.org/external/CMake/3.13.3/x86_64-centos7-gcc7-opt/bin/cmake -E cmake_link_script CMakeFiles/cmTC_afebd.dir/link.txt --verbose=1
/cvmfs/lz.opensciencegrid.org/external/gcc/7.3.0/x86_64-centos7/bin/g++      -v -rdynamic CMakeFiles/cmTC_afebd.dir/CMakeCXXCompilerABI.cpp.o  -o cmTC_afebd 
Using built-in specs.
COLLECT_GCC=/cvmfs/lz.opensciencegrid.org/external/gcc/7.3.0/x86_64-centos7/bin/g++
COLLECT_LTO_WRAPPER=/cvmfs/sft.cern.ch/lcg/releases/gcc/7.3.0-cb1ee/x86_64-centos7/bin/../libexec/gcc/x86_64-pc-linux-gnu/7.3.0/lto-wrapper
Target: x86_64-pc-linux-gnu
Configured with: /afs/cern.ch/cms/CAF/CMSCOMM/COMM_ECAL/dkonst/GCC/build/contrib/gcc-7.3.0/src/gcc/7.3.0/configure --prefix=/afs/cern.ch/cms/CAF/CMSCOMM/COMM_ECAL/dkonst/GCC/lcgcmake-install/gcc/7.3.0/x86_64-centos7 -with-system-zlib --disable-multilib --enable-languages=all --with-gnu-ld --with-ld=/afs/cern.ch/cms/CAF/CMSCOMM/COMM_ECAL/dkonst/GCC/lcgcmake-install/binutils/2.28/x86_64-centos7/bin/ld --with-gnu-as --with-as=/afs/cern.ch/cms/CAF/CMSCOMM/COMM_ECAL/dkonst/GCC/lcgcmake-install/binutils/2.28/x86_64-centos7/bin/as
Thread model: posix
gcc version 7.3.0 (GCC) 
COMPILER_PATH=/cvmfs/sft.cern.ch/lcg/releases/gcc/7.3.0-cb1ee/x86_64-centos7/bin/../libexec/gcc/x86_64-pc-linux-gnu/7.3.0/:/cvmfs/sft.cern.ch/lcg/releases/gcc/7.3.0-cb1ee/x86_64-centos7/bin/../libexec/gcc/:/cvmfs/sft.cern.ch/lcg/releases/gcc/7.3.0-cb1ee/x86_64-centos7/
LIBRARY_PATH=/cvmfs/sft.cern.ch/lcg/releases/gcc/7.3.0-cb1ee/x86_64-centos7/bin/../lib/gcc/x86_64-pc-linux-gnu/7.3.0/:/cvmfs/sft.cern.ch/lcg/releases/gcc/7.3.0-cb1ee/x86_64-centos7/bin/../lib/gcc/:/cvmfs/sft.cern.ch/lcg/releases/gcc/7.3.0-cb1ee/x86_64-centos7/bin/../lib/gcc/x86_64-pc-linux-gnu/7.3.0/../../../../lib64/:/lib/../lib64/:/usr/lib/../lib64/:/cvmfs/sft.cern.ch/lcg/releases/gcc/7.3.0-cb1ee/x86_64-centos7/bin/../lib/gcc/x86_64-pc-linux-gnu/7.3.0/../../../:/lib/:/usr/lib/
COLLECT_GCC_OPTIONS='-v' '-rdynamic' '-o' 'cmTC_afebd' '-shared-libgcc' '-mtune=generic' '-march=x86-64'
 /cvmfs/sft.cern.ch/lcg/releases/gcc/7.3.0-cb1ee/x86_64-centos7/bin/../libexec/gcc/x86_64-pc-linux-gnu/7.3.0/collect2 -plugin /cvmfs/sft.cern.ch/lcg/releases/gcc/7.3.0-cb1ee/x86_64-centos7/bin/../libexec/gcc/x86_64-pc-linux-gnu/7.3.0/liblto_plugin.so -plugin-opt=/cvmfs/sft.cern.ch/lcg/releases/gcc/7.3.0-cb1ee/x86_64-centos7/bin/../libexec/gcc/x86_64-pc-linux-gnu/7.3.0/lto-wrapper -plugin-opt=-fresolution=/tmp/rossiter/cc7T3T26.res -plugin-opt=-pass-through=-lgcc_s -plugin-opt=-pass-through=-lgcc -plugin-opt=-pass-through=-lc -plugin-opt=-pass-through=-lgcc_s -plugin-opt=-pass-through=-lgcc --eh-frame-hdr -m elf_x86_64 -export-dynamic -dynamic-linker /lib64/ld-linux-x86-64.so.2 -o cmTC_afebd /lib/../lib64/crt1.o /lib/../lib64/crti.o /cvmfs/sft.cern.ch/lcg/releases/gcc/7.3.0-cb1ee/x86_64-centos7/bin/../lib/gcc/x86_64-pc-linux-gnu/7.3.0/crtbegin.o -L/cvmfs/sft.cern.ch/lcg/releases/gcc/7.3.0-cb1ee/x86_64-centos7/bin/../lib/gcc/x86_64-pc-linux-gnu/7.3.0 -L/cvmfs/sft.cern.ch/lcg/releases/gcc/7.3.0-cb1ee/x86_64-centos7/bin/../lib/gcc -L/cvmfs/sft.cern.ch/lcg/releases/gcc/7.3.0-cb1ee/x86_64-centos7/bin/../lib/gcc/x86_64-pc-linux-gnu/7.3.0/../../../../lib64 -L/lib/../lib64 -L/usr/lib/../lib64 -L/cvmfs/sft.cern.ch/lcg/releases/gcc/7.3.0-cb1ee/x86_64-centos7/bin/../lib/gcc/x86_64-pc-linux-gnu/7.3.0/../../.. CMakeFiles/cmTC_afebd.dir/CMakeCXXCompilerABI.cpp.o -lstdc++ -lm -lgcc_s -lgcc -lc -lgcc_s -lgcc /cvmfs/sft.cern.ch/lcg/releases/gcc/7.3.0-cb1ee/x86_64-centos7/bin/../lib/gcc/x86_64-pc-linux-gnu/7.3.0/crtend.o /lib/../lib64/crtn.o
COLLECT_GCC_OPTIONS='-v' '-rdynamic' '-o' 'cmTC_afebd' '-shared-libgcc' '-mtune=generic' '-march=x86-64'
gmake[1]: Leaving directory `/home/rossiter/MuonTomography_2020/MuonTomographySIMS_210201/task3-build/CMakeFiles/CMakeTmp'


Parsed CXX implicit link information from above output:
  link line regex: [^( *|.*[/\])(ld|CMAKE_LINK_STARTFILE-NOTFOUND|([^/\]+-)?ld|collect2)[^/\]*( |$)]
  ignore line: [Change Dir: /home/rossiter/MuonTomography_2020/MuonTomographySIMS_210201/task3-build/CMakeFiles/CMakeTmp]
  ignore line: []
  ignore line: [Run Build Command:"/usr/bin/gmake" "cmTC_afebd/fast"]
  ignore line: [/usr/bin/gmake -f CMakeFiles/cmTC_afebd.dir/build.make CMakeFiles/cmTC_afebd.dir/build]
  ignore line: [gmake[1]: Entering directory `/home/rossiter/MuonTomography_2020/MuonTomographySIMS_210201/task3-build/CMakeFiles/CMakeTmp']
  ignore line: [Building CXX object CMakeFiles/cmTC_afebd.dir/CMakeCXXCompilerABI.cpp.o]
  ignore line: [/cvmfs/lz.opensciencegrid.org/external/gcc/7.3.0/x86_64-centos7/bin/g++     -o CMakeFiles/cmTC_afebd.dir/CMakeCXXCompilerABI.cpp.o -c /cvmfs/lz.opensciencegrid.org/external/CMake/3.13.3/x86_64-centos7-gcc7-opt/share/cmake-3.13/Modules/CMakeCXXCompilerABI.cpp]
  ignore line: [Linking CXX executable cmTC_afebd]
  ignore line: [/cvmfs/lz.opensciencegrid.org/external/CMake/3.13.3/x86_64-centos7-gcc7-opt/bin/cmake -E cmake_link_script CMakeFiles/cmTC_afebd.dir/link.txt --verbose=1]
  ignore line: [/cvmfs/lz.opensciencegrid.org/external/gcc/7.3.0/x86_64-centos7/bin/g++      -v -rdynamic CMakeFiles/cmTC_afebd.dir/CMakeCXXCompilerABI.cpp.o  -o cmTC_afebd ]
  ignore line: [Using built-in specs.]
  ignore line: [COLLECT_GCC=/cvmfs/lz.opensciencegrid.org/external/gcc/7.3.0/x86_64-centos7/bin/g++]
  ignore line: [COLLECT_LTO_WRAPPER=/cvmfs/sft.cern.ch/lcg/releases/gcc/7.3.0-cb1ee/x86_64-centos7/bin/../libexec/gcc/x86_64-pc-linux-gnu/7.3.0/lto-wrapper]
  ignore line: [Target: x86_64-pc-linux-gnu]
  ignore line: [Configured with: /afs/cern.ch/cms/CAF/CMSCOMM/COMM_ECAL/dkonst/GCC/build/contrib/gcc-7.3.0/src/gcc/7.3.0/configure --prefix=/afs/cern.ch/cms/CAF/CMSCOMM/COMM_ECAL/dkonst/GCC/lcgcmake-install/gcc/7.3.0/x86_64-centos7 -with-system-zlib --disable-multilib --enable-languages=all --with-gnu-ld --with-ld=/afs/cern.ch/cms/CAF/CMSCOMM/COMM_ECAL/dkonst/GCC/lcgcmake-install/binutils/2.28/x86_64-centos7/bin/ld --with-gnu-as --with-as=/afs/cern.ch/cms/CAF/CMSCOMM/COMM_ECAL/dkonst/GCC/lcgcmake-install/binutils/2.28/x86_64-centos7/bin/as]
  ignore line: [Thread model: posix]
  ignore line: [gcc version 7.3.0 (GCC) ]
  ignore line: [COMPILER_PATH=/cvmfs/sft.cern.ch/lcg/releases/gcc/7.3.0-cb1ee/x86_64-centos7/bin/../libexec/gcc/x86_64-pc-linux-gnu/7.3.0/:/cvmfs/sft.cern.ch/lcg/releases/gcc/7.3.0-cb1ee/x86_64-centos7/bin/../libexec/gcc/:/cvmfs/sft.cern.ch/lcg/releases/gcc/7.3.0-cb1ee/x86_64-centos7/]
  ignore line: [LIBRARY_PATH=/cvmfs/sft.cern.ch/lcg/releases/gcc/7.3.0-cb1ee/x86_64-centos7/bin/../lib/gcc/x86_64-pc-linux-gnu/7.3.0/:/cvmfs/sft.cern.ch/lcg/releases/gcc/7.3.0-cb1ee/x86_64-centos7/bin/../lib/gcc/:/cvmfs/sft.cern.ch/lcg/releases/gcc/7.3.0-cb1ee/x86_64-centos7/bin/../lib/gcc/x86_64-pc-linux-gnu/7.3.0/../../../../lib64/:/lib/../lib64/:/usr/lib/../lib64/:/cvmfs/sft.cern.ch/lcg/releases/gcc/7.3.0-cb1ee/x86_64-centos7/bin/../lib/gcc/x86_64-pc-linux-gnu/7.3.0/../../../:/lib/:/usr/lib/]
  ignore line: [COLLECT_GCC_OPTIONS='-v' '-rdynamic' '-o' 'cmTC_afebd' '-shared-libgcc' '-mtune=generic' '-march=x86-64']
  link line: [ /cvmfs/sft.cern.ch/lcg/releases/gcc/7.3.0-cb1ee/x86_64-centos7/bin/../libexec/gcc/x86_64-pc-linux-gnu/7.3.0/collect2 -plugin /cvmfs/sft.cern.ch/lcg/releases/gcc/7.3.0-cb1ee/x86_64-centos7/bin/../libexec/gcc/x86_64-pc-linux-gnu/7.3.0/liblto_plugin.so -plugin-opt=/cvmfs/sft.cern.ch/lcg/releases/gcc/7.3.0-cb1ee/x86_64-centos7/bin/../libexec/gcc/x86_64-pc-linux-gnu/7.3.0/lto-wrapper -plugin-opt=-fresolution=/tmp/rossiter/cc7T3T26.res -plugin-opt=-pass-through=-lgcc_s -plugin-opt=-pass-through=-lgcc -plugin-opt=-pass-through=-lc -plugin-opt=-pass-through=-lgcc_s -plugin-opt=-pass-through=-lgcc --eh-frame-hdr -m elf_x86_64 -export-dynamic -dynamic-linker /lib64/ld-linux-x86-64.so.2 -o cmTC_afebd /lib/../lib64/crt1.o /lib/../lib64/crti.o /cvmfs/sft.cern.ch/lcg/releases/gcc/7.3.0-cb1ee/x86_64-centos7/bin/../lib/gcc/x86_64-pc-linux-gnu/7.3.0/crtbegin.o -L/cvmfs/sft.cern.ch/lcg/releases/gcc/7.3.0-cb1ee/x86_64-centos7/bin/../lib/gcc/x86_64-pc-linux-gnu/7.3.0 -L/cvmfs/sft.cern.ch/lcg/releases/gcc/7.3.0-cb1ee/x86_64-centos7/bin/../lib/gcc -L/cvmfs/sft.cern.ch/lcg/releases/gcc/7.3.0-cb1ee/x86_64-centos7/bin/../lib/gcc/x86_64-pc-linux-gnu/7.3.0/../../../../lib64 -L/lib/../lib64 -L/usr/lib/../lib64 -L/cvmfs/sft.cern.ch/lcg/releases/gcc/7.3.0-cb1ee/x86_64-centos7/bin/../lib/gcc/x86_64-pc-linux-gnu/7.3.0/../../.. CMakeFiles/cmTC_afebd.dir/CMakeCXXCompilerABI.cpp.o -lstdc++ -lm -lgcc_s -lgcc -lc -lgcc_s -lgcc /cvmfs/sft.cern.ch/lcg/releases/gcc/7.3.0-cb1ee/x86_64-centos7/bin/../lib/gcc/x86_64-pc-linux-gnu/7.3.0/crtend.o /lib/../lib64/crtn.o]
    arg [/cvmfs/sft.cern.ch/lcg/releases/gcc/7.3.0-cb1ee/x86_64-centos7/bin/../libexec/gcc/x86_64-pc-linux-gnu/7.3.0/collect2] ==> ignore
    arg [-plugin] ==> ignore
    arg [/cvmfs/sft.cern.ch/lcg/releases/gcc/7.3.0-cb1ee/x86_64-centos7/bin/../libexec/gcc/x86_64-pc-linux-gnu/7.3.0/liblto_plugin.so] ==> ignore
    arg [-plugin-opt=/cvmfs/sft.cern.ch/lcg/releases/gcc/7.3.0-cb1ee/x86_64-centos7/bin/../libexec/gcc/x86_64-pc-linux-gnu/7.3.0/lto-wrapper] ==> ignore
    arg [-plugin-opt=-fresolution=/tmp/rossiter/cc7T3T26.res] ==> ignore
    arg [-plugin-opt=-pass-through=-lgcc_s] ==> ignore
    arg [-plugin-opt=-pass-through=-lgcc] ==> ignore
    arg [-plugin-opt=-pass-through=-lc] ==> ignore
    arg [-plugin-opt=-pass-through=-lgcc_s] ==> ignore
    arg [-plugin-opt=-pass-through=-lgcc] ==> ignore
    arg [--eh-frame-hdr] ==> ignore
    arg [-m] ==> ignore
    arg [elf_x86_64] ==> ignore
    arg [-export-dynamic] ==> ignore
    arg [-dynamic-linker] ==> ignore
    arg [/lib64/ld-linux-x86-64.so.2] ==> ignore
    arg [-o] ==> ignore
    arg [cmTC_afebd] ==> ignore
    arg [/lib/../lib64/crt1.o] ==> ignore
    arg [/lib/../lib64/crti.o] ==> ignore
    arg [/cvmfs/sft.cern.ch/lcg/releases/gcc/7.3.0-cb1ee/x86_64-centos7/bin/../lib/gcc/x86_64-pc-linux-gnu/7.3.0/crtbegin.o] ==> ignore
    arg [-L/cvmfs/sft.cern.ch/lcg/releases/gcc/7.3.0-cb1ee/x86_64-centos7/bin/../lib/gcc/x86_64-pc-linux-gnu/7.3.0] ==> dir [/cvmfs/sft.cern.ch/lcg/releases/gcc/7.3.0-cb1ee/x86_64-centos7/bin/../lib/gcc/x86_64-pc-linux-gnu/7.3.0]
    arg [-L/cvmfs/sft.cern.ch/lcg/releases/gcc/7.3.0-cb1ee/x86_64-centos7/bin/../lib/gcc] ==> dir [/cvmfs/sft.cern.ch/lcg/releases/gcc/7.3.0-cb1ee/x86_64-centos7/bin/../lib/gcc]
    arg [-L/cvmfs/sft.cern.ch/lcg/releases/gcc/7.3.0-cb1ee/x86_64-centos7/bin/../lib/gcc/x86_64-pc-linux-gnu/7.3.0/../../../../lib64] ==> dir [/cvmfs/sft.cern.ch/lcg/releases/gcc/7.3.0-cb1ee/x86_64-centos7/bin/../lib/gcc/x86_64-pc-linux-gnu/7.3.0/../../../../lib64]
    arg [-L/lib/../lib64] ==> dir [/lib/../lib64]
    arg [-L/usr/lib/../lib64] ==> dir [/usr/lib/../lib64]
    arg [-L/cvmfs/sft.cern.ch/lcg/releases/gcc/7.3.0-cb1ee/x86_64-centos7/bin/../lib/gcc/x86_64-pc-linux-gnu/7.3.0/../../..] ==> dir [/cvmfs/sft.cern.ch/lcg/releases/gcc/7.3.0-cb1ee/x86_64-centos7/bin/../lib/gcc/x86_64-pc-linux-gnu/7.3.0/../../..]
    arg [CMakeFiles/cmTC_afebd.dir/CMakeCXXCompilerABI.cpp.o] ==> ignore
    arg [-lstdc++] ==> lib [stdc++]
    arg [-lm] ==> lib [m]
    arg [-lgcc_s] ==> lib [gcc_s]
    arg [-lgcc] ==> lib [gcc]
    arg [-lc] ==> lib [c]
    arg [-lgcc_s] ==> lib [gcc_s]
    arg [-lgcc] ==> lib [gcc]
    arg [/cvmfs/sft.cern.ch/lcg/releases/gcc/7.3.0-cb1ee/x86_64-centos7/bin/../lib/gcc/x86_64-pc-linux-gnu/7.3.0/crtend.o] ==> ignore
    arg [/lib/../lib64/crtn.o] ==> ignore
  collapse library dir [/cvmfs/sft.cern.ch/lcg/releases/gcc/7.3.0-cb1ee/x86_64-centos7/bin/../lib/gcc/x86_64-pc-linux-gnu/7.3.0] ==> [/cvmfs/sft.cern.ch/lcg/releases/gcc/7.3.0-cb1ee/x86_64-centos7/lib/gcc/x86_64-pc-linux-gnu/7.3.0]
  collapse library dir [/cvmfs/sft.cern.ch/lcg/releases/gcc/7.3.0-cb1ee/x86_64-centos7/bin/../lib/gcc] ==> [/cvmfs/sft.cern.ch/lcg/releases/gcc/7.3.0-cb1ee/x86_64-centos7/lib/gcc]
  collapse library dir [/cvmfs/sft.cern.ch/lcg/releases/gcc/7.3.0-cb1ee/x86_64-centos7/bin/../lib/gcc/x86_64-pc-linux-gnu/7.3.0/../../../../lib64] ==> [/cvmfs/sft.cern.ch/lcg/releases/gcc/7.3.0-cb1ee/x86_64-centos7/lib64]
  collapse library dir [/lib/../lib64] ==> [/lib64]
  collapse library dir [/usr/lib/../lib64] ==> [/usr/lib64]
  collapse library dir [/cvmfs/sft.cern.ch/lcg/releases/gcc/7.3.0-cb1ee/x86_64-centos7/bin/../lib/gcc/x86_64-pc-linux-gnu/7.3.0/../../..] ==> [/cvmfs/sft.cern.ch/lcg/releases/gcc/7.3.0-cb1ee/x86_64-centos7/lib]
  implicit libs: [stdc++;m;gcc_s;gcc;c;gcc_s;gcc]
  implicit dirs: [/cvmfs/sft.cern.ch/lcg/releases/gcc/7.3.0-cb1ee/x86_64-centos7/lib/gcc/x86_64-pc-linux-gnu/7.3.0;/cvmfs/sft.cern.ch/lcg/releases/gcc/7.3.0-cb1ee/x86_64-centos7/lib/gcc;/cvmfs/sft.cern.ch/lcg/releases/gcc/7.3.0-cb1ee/x86_64-centos7/lib64;/lib64;/usr/lib64;/cvmfs/sft.cern.ch/lcg/releases/gcc/7.3.0-cb1ee/x86_64-centos7/lib]
  implicit fwks: []




Detecting CXX [-std=c++1z] compiler features compiled with the following output:
Change Dir: /home/rossiter/MuonTomography_2020/MuonTomographySIMS_210201/task3-build/CMakeFiles/CMakeTmp

Run Build Command:"/usr/bin/gmake" "cmTC_624b6/fast"
/usr/bin/gmake -f CMakeFiles/cmTC_624b6.dir/build.make CMakeFiles/cmTC_624b6.dir/build
gmake[1]: Entering directory `/home/rossiter/MuonTomography_2020/MuonTomographySIMS_210201/task3-build/CMakeFiles/CMakeTmp'
Building CXX object CMakeFiles/cmTC_624b6.dir/feature_tests.cxx.o
/cvmfs/lz.opensciencegrid.org/external/gcc/7.3.0/x86_64-centos7/bin/g++    -std=c++1z -o CMakeFiles/cmTC_624b6.dir/feature_tests.cxx.o -c /home/rossiter/MuonTomography_2020/MuonTomographySIMS_210201/task3-build/CMakeFiles/feature_tests.cxx
Linking CXX executable cmTC_624b6
/cvmfs/lz.opensciencegrid.org/external/CMake/3.13.3/x86_64-centos7-gcc7-opt/bin/cmake -E cmake_link_script CMakeFiles/cmTC_624b6.dir/link.txt --verbose=1
/cvmfs/lz.opensciencegrid.org/external/gcc/7.3.0/x86_64-centos7/bin/g++       -rdynamic CMakeFiles/cmTC_624b6.dir/feature_tests.cxx.o  -o cmTC_624b6 
gmake[1]: Leaving directory `/home/rossiter/MuonTomography_2020/MuonTomographySIMS_210201/task3-build/CMakeFiles/CMakeTmp'


    Feature record: CXX_FEATURE:1cxx_aggregate_default_initializers
    Feature record: CXX_FEATURE:1cxx_alias_templates
    Feature record: CXX_FEATURE:1cxx_alignas
    Feature record: CXX_FEATURE:1cxx_alignof
    Feature record: CXX_FEATURE:1cxx_attributes
    Feature record: CXX_FEATURE:1cxx_attribute_deprecated
    Feature record: CXX_FEATURE:1cxx_auto_type
    Feature record: CXX_FEATURE:1cxx_binary_literals
    Feature record: CXX_FEATURE:1cxx_constexpr
    Feature record: CXX_FEATURE:1cxx_contextual_conversions
    Feature record: CXX_FEATURE:1cxx_decltype
    Feature record: CXX_FEATURE:1cxx_decltype_auto
    Feature record: CXX_FEATURE:1cxx_decltype_incomplete_return_types
    Feature record: CXX_FEATURE:1cxx_default_function_template_args
    Feature record: CXX_FEATURE:1cxx_defaulted_functions
    Feature record: CXX_FEATURE:1cxx_defaulted_move_initializers
    Feature record: CXX_FEATURE:1cxx_delegating_constructors
    Feature record: CXX_FEATURE:1cxx_deleted_functions
    Feature record: CXX_FEATURE:1cxx_digit_separators
    Feature record: CXX_FEATURE:1cxx_enum_forward_declarations
    Feature record: CXX_FEATURE:1cxx_explicit_conversions
    Feature record: CXX_FEATURE:1cxx_extended_friend_declarations
    Feature record: CXX_FEATURE:1cxx_extern_templates
    Feature record: CXX_FEATURE:1cxx_final
    Feature record: CXX_FEATURE:1cxx_func_identifier
    Feature record: CXX_FEATURE:1cxx_generalized_initializers
    Feature record: CXX_FEATURE:1cxx_generic_lambdas
    Feature record: CXX_FEATURE:1cxx_inheriting_constructors
    Feature record: CXX_FEATURE:1cxx_inline_namespaces
    Feature record: CXX_FEATURE:1cxx_lambdas
    Feature record: CXX_FEATURE:1cxx_lambda_init_captures
    Feature record: CXX_FEATURE:1cxx_local_type_template_args
    Feature record: CXX_FEATURE:1cxx_long_long_type
    Feature record: CXX_FEATURE:1cxx_noexcept
    Feature record: CXX_FEATURE:1cxx_nonstatic_member_init
    Feature record: CXX_FEATURE:1cxx_nullptr
    Feature record: CXX_FEATURE:1cxx_override
    Feature record: CXX_FEATURE:1cxx_range_for
    Feature record: CXX_FEATURE:1cxx_raw_string_literals
    Feature record: CXX_FEATURE:1cxx_reference_qualified_functions
    Feature record: CXX_FEATURE:1cxx_relaxed_constexpr
    Feature record: CXX_FEATURE:1cxx_return_type_deduction
    Feature record: CXX_FEATURE:1cxx_right_angle_brackets
    Feature record: CXX_FEATURE:1cxx_rvalue_references
    Feature record: CXX_FEATURE:1cxx_sizeof_member
    Feature record: CXX_FEATURE:1cxx_static_assert
    Feature record: CXX_FEATURE:1cxx_strong_enums
    Feature record: CXX_FEATURE:1cxx_template_template_parameters
    Feature record: CXX_FEATURE:1cxx_thread_local
    Feature record: CXX_FEATURE:1cxx_trailing_return_types
    Feature record: CXX_FEATURE:1cxx_unicode_literals
    Feature record: CXX_FEATURE:1cxx_uniform_initialization
    Feature record: CXX_FEATURE:1cxx_unrestricted_unions
    Feature record: CXX_FEATURE:1cxx_user_literals
    Feature record: CXX_FEATURE:1cxx_variable_templates
    Feature record: CXX_FEATURE:1cxx_variadic_macros
    Feature record: CXX_FEATURE:1cxx_variadic_templates


Detecting CXX [-std=c++14] compiler features compiled with the following output:
Change Dir: /home/rossiter/MuonTomography_2020/MuonTomographySIMS_210201/task3-build/CMakeFiles/CMakeTmp

Run Build Command:"/usr/bin/gmake" "cmTC_3c84e/fast"
/usr/bin/gmake -f CMakeFiles/cmTC_3c84e.dir/build.make CMakeFiles/cmTC_3c84e.dir/build
gmake[1]: Entering directory `/home/rossiter/MuonTomography_2020/MuonTomographySIMS_210201/task3-build/CMakeFiles/CMakeTmp'
Building CXX object CMakeFiles/cmTC_3c84e.dir/feature_tests.cxx.o
/cvmfs/lz.opensciencegrid.org/external/gcc/7.3.0/x86_64-centos7/bin/g++    -std=c++14 -o CMakeFiles/cmTC_3c84e.dir/feature_tests.cxx.o -c /home/rossiter/MuonTomography_2020/MuonTomographySIMS_210201/task3-build/CMakeFiles/feature_tests.cxx
Linking CXX executable cmTC_3c84e
/cvmfs/lz.opensciencegrid.org/external/CMake/3.13.3/x86_64-centos7-gcc7-opt/bin/cmake -E cmake_link_script CMakeFiles/cmTC_3c84e.dir/link.txt --verbose=1
/cvmfs/lz.opensciencegrid.org/external/gcc/7.3.0/x86_64-centos7/bin/g++       -rdynamic CMakeFiles/cmTC_3c84e.dir/feature_tests.cxx.o  -o cmTC_3c84e 
gmake[1]: Leaving directory `/home/rossiter/MuonTomography_2020/MuonTomographySIMS_210201/task3-build/CMakeFiles/CMakeTmp'


    Feature record: CXX_FEATURE:1cxx_aggregate_default_initializers
    Feature record: CXX_FEATURE:1cxx_alias_templates
    Feature record: CXX_FEATURE:1cxx_alignas
    Feature record: CXX_FEATURE:1cxx_alignof
    Feature record: CXX_FEATURE:1cxx_attributes
    Feature record: CXX_FEATURE:1cxx_attribute_deprecated
    Feature record: CXX_FEATURE:1cxx_auto_type
    Feature record: CXX_FEATURE:1cxx_binary_literals
    Feature record: CXX_FEATURE:1cxx_constexpr
    Feature record: CXX_FEATURE:1cxx_contextual_conversions
    Feature record: CXX_FEATURE:1cxx_decltype
    Feature record: CXX_FEATURE:1cxx_decltype_auto
    Feature record: CXX_FEATURE:1cxx_decltype_incomplete_return_types
    Feature record: CXX_FEATURE:1cxx_default_function_template_args
    Feature record: CXX_FEATURE:1cxx_defaulted_functions
    Feature record: CXX_FEATURE:1cxx_defaulted_move_initializers
    Feature record: CXX_FEATURE:1cxx_delegating_constructors
    Feature record: CXX_FEATURE:1cxx_deleted_functions
    Feature record: CXX_FEATURE:1cxx_digit_separators
    Feature record: CXX_FEATURE:1cxx_enum_forward_declarations
    Feature record: CXX_FEATURE:1cxx_explicit_conversions
    Feature record: CXX_FEATURE:1cxx_extended_friend_declarations
    Feature record: CXX_FEATURE:1cxx_extern_templates
    Feature record: CXX_FEATURE:1cxx_final
    Feature record: CXX_FEATURE:1cxx_func_identifier
    Feature record: CXX_FEATURE:1cxx_generalized_initializers
    Feature record: CXX_FEATURE:1cxx_generic_lambdas
    Feature record: CXX_FEATURE:1cxx_inheriting_constructors
    Feature record: CXX_FEATURE:1cxx_inline_namespaces
    Feature record: CXX_FEATURE:1cxx_lambdas
    Feature record: CXX_FEATURE:1cxx_lambda_init_captures
    Feature record: CXX_FEATURE:1cxx_local_type_template_args
    Feature record: CXX_FEATURE:1cxx_long_long_type
    Feature record: CXX_FEATURE:1cxx_noexcept
    Feature record: CXX_FEATURE:1cxx_nonstatic_member_init
    Feature record: CXX_FEATURE:1cxx_nullptr
    Feature record: CXX_FEATURE:1cxx_override
    Feature record: CXX_FEATURE:1cxx_range_for
    Feature record: CXX_FEATURE:1cxx_raw_string_literals
    Feature record: CXX_FEATURE:1cxx_reference_qualified_functions
    Feature record: CXX_FEATURE:1cxx_relaxed_constexpr
    Feature record: CXX_FEATURE:1cxx_return_type_deduction
    Feature record: CXX_FEATURE:1cxx_right_angle_brackets
    Feature record: CXX_FEATURE:1cxx_rvalue_references
    Feature record: CXX_FEATURE:1cxx_sizeof_member
    Feature record: CXX_FEATURE:1cxx_static_assert
    Feature record: CXX_FEATURE:1cxx_strong_enums
    Feature record: CXX_FEATURE:1cxx_template_template_parameters
    Feature record: CXX_FEATURE:1cxx_thread_local
    Feature record: CXX_FEATURE:1cxx_trailing_return_types
    Feature record: CXX_FEATURE:1cxx_unicode_literals
    Feature record: CXX_FEATURE:1cxx_uniform_initialization
    Feature record: CXX_FEATURE:1cxx_unrestricted_unions
    Feature record: CXX_FEATURE:1cxx_user_literals
    Feature record: CXX_FEATURE:1cxx_variable_templates
    Feature record: CXX_FEATURE:1cxx_variadic_macros
    Feature record: CXX_FEATURE:1cxx_variadic_templates


Detecting CXX [-std=c++11] compiler features compiled with the following output:
Change Dir: /home/rossiter/MuonTomography_2020/MuonTomographySIMS_210201/task3-build/CMakeFiles/CMakeTmp

Run Build Command:"/usr/bin/gmake" "cmTC_da7d3/fast"
/usr/bin/gmake -f CMakeFiles/cmTC_da7d3.dir/build.make CMakeFiles/cmTC_da7d3.dir/build
gmake[1]: Entering directory `/home/rossiter/MuonTomography_2020/MuonTomographySIMS_210201/task3-build/CMakeFiles/CMakeTmp'
Building CXX object CMakeFiles/cmTC_da7d3.dir/feature_tests.cxx.o
/cvmfs/lz.opensciencegrid.org/external/gcc/7.3.0/x86_64-centos7/bin/g++    -std=c++11 -o CMakeFiles/cmTC_da7d3.dir/feature_tests.cxx.o -c /home/rossiter/MuonTomography_2020/MuonTomographySIMS_210201/task3-build/CMakeFiles/feature_tests.cxx
Linking CXX executable cmTC_da7d3
/cvmfs/lz.opensciencegrid.org/external/CMake/3.13.3/x86_64-centos7-gcc7-opt/bin/cmake -E cmake_link_script CMakeFiles/cmTC_da7d3.dir/link.txt --verbose=1
/cvmfs/lz.opensciencegrid.org/external/gcc/7.3.0/x86_64-centos7/bin/g++       -rdynamic CMakeFiles/cmTC_da7d3.dir/feature_tests.cxx.o  -o cmTC_da7d3 
gmake[1]: Leaving directory `/home/rossiter/MuonTomography_2020/MuonTomographySIMS_210201/task3-build/CMakeFiles/CMakeTmp'


    Feature record: CXX_FEATURE:0cxx_aggregate_default_initializers
    Feature record: CXX_FEATURE:1cxx_alias_templates
    Feature record: CXX_FEATURE:1cxx_alignas
    Feature record: CXX_FEATURE:1cxx_alignof
    Feature record: CXX_FEATURE:1cxx_attributes
    Feature record: CXX_FEATURE:0cxx_attribute_deprecated
    Feature record: CXX_FEATURE:1cxx_auto_type
    Feature record: CXX_FEATURE:0cxx_binary_literals
    Feature record: CXX_FEATURE:1cxx_constexpr
    Feature record: CXX_FEATURE:0cxx_contextual_conversions
    Feature record: CXX_FEATURE:1cxx_decltype
    Feature record: CXX_FEATURE:0cxx_decltype_auto
    Feature record: CXX_FEATURE:1cxx_decltype_incomplete_return_types
    Feature record: CXX_FEATURE:1cxx_default_function_template_args
    Feature record: CXX_FEATURE:1cxx_defaulted_functions
    Feature record: CXX_FEATURE:1cxx_defaulted_move_initializers
    Feature record: CXX_FEATURE:1cxx_delegating_constructors
    Feature record: CXX_FEATURE:1cxx_deleted_functions
    Feature record: CXX_FEATURE:0cxx_digit_separators
    Feature record: CXX_FEATURE:1cxx_enum_forward_declarations
    Feature record: CXX_FEATURE:1cxx_explicit_conversions
    Feature record: CXX_FEATURE:1cxx_extended_friend_declarations
    Feature record: CXX_FEATURE:1cxx_extern_templates
    Feature record: CXX_FEATURE:1cxx_final
    Feature record: CXX_FEATURE:1cxx_func_identifier
    Feature record: CXX_FEATURE:1cxx_generalized_initializers
    Feature record: CXX_FEATURE:0cxx_generic_lambdas
    Feature record: CXX_FEATURE:1cxx_inheriting_constructors
    Feature record: CXX_FEATURE:1cxx_inline_namespaces
    Feature record: CXX_FEATURE:1cxx_lambdas
    Feature record: CXX_FEATURE:0cxx_lambda_init_captures
    Feature record: CXX_FEATURE:1cxx_local_type_template_args
    Feature record: CXX_FEATURE:1cxx_long_long_type
    Feature record: CXX_FEATURE:1cxx_noexcept
    Feature record: CXX_FEATURE:1cxx_nonstatic_member_init
    Feature record: CXX_FEATURE:1cxx_nullptr
    Feature record: CXX_FEATURE:1cxx_override
    Feature record: CXX_FEATURE:1cxx_range_for
    Feature record: CXX_FEATURE:1cxx_raw_string_literals
    Feature record: CXX_FEATURE:1cxx_reference_qualified_functions
    Feature record: CXX_FEATURE:0cxx_relaxed_constexpr
    Feature record: CXX_FEATURE:0cxx_return_type_deduction
    Feature record: CXX_FEATURE:1cxx_right_angle_brackets
    Feature record: CXX_FEATURE:1cxx_rvalue_references
    Feature record: CXX_FEATURE:1cxx_sizeof_member
    Feature record: CXX_FEATURE:1cxx_static_assert
    Feature record: CXX_FEATURE:1cxx_strong_enums
    Feature record: CXX_FEATURE:1cxx_template_template_parameters
    Feature record: CXX_FEATURE:1cxx_thread_local
    Feature record: CXX_FEATURE:1cxx_trailing_return_types
    Feature record: CXX_FEATURE:1cxx_unicode_literals
    Feature record: CXX_FEATURE:1cxx_uniform_initialization
    Feature record: CXX_FEATURE:1cxx_unrestricted_unions
    Feature record: CXX_FEATURE:1cxx_user_literals
    Feature record: CXX_FEATURE:0cxx_variable_templates
    Feature record: CXX_FEATURE:1cxx_variadic_macros
    Feature record: CXX_FEATURE:1cxx_variadic_templates


Detecting CXX [-std=c++98] compiler features compiled with the following output:
Change Dir: /home/rossiter/MuonTomography_2020/MuonTomographySIMS_210201/task3-build/CMakeFiles/CMakeTmp

Run Build Command:"/usr/bin/gmake" "cmTC_51360/fast"
/usr/bin/gmake -f CMakeFiles/cmTC_51360.dir/build.make CMakeFiles/cmTC_51360.dir/build
gmake[1]: Entering directory `/home/rossiter/MuonTomography_2020/MuonTomographySIMS_210201/task3-build/CMakeFiles/CMakeTmp'
Building CXX object CMakeFiles/cmTC_51360.dir/feature_tests.cxx.o
/cvmfs/lz.opensciencegrid.org/external/gcc/7.3.0/x86_64-centos7/bin/g++    -std=c++98 -o CMakeFiles/cmTC_51360.dir/feature_tests.cxx.o -c /home/rossiter/MuonTomography_2020/MuonTomographySIMS_210201/task3-build/CMakeFiles/feature_tests.cxx
Linking CXX executable cmTC_51360
/cvmfs/lz.opensciencegrid.org/external/CMake/3.13.3/x86_64-centos7-gcc7-opt/bin/cmake -E cmake_link_script CMakeFiles/cmTC_51360.dir/link.txt --verbose=1
/cvmfs/lz.opensciencegrid.org/external/gcc/7.3.0/x86_64-centos7/bin/g++       -rdynamic CMakeFiles/cmTC_51360.dir/feature_tests.cxx.o  -o cmTC_51360 
gmake[1]: Leaving directory `/home/rossiter/MuonTomography_2020/MuonTomographySIMS_210201/task3-build/CMakeFiles/CMakeTmp'


    Feature record: CXX_FEATURE:0cxx_aggregate_default_initializers
    Feature record: CXX_FEATURE:0cxx_alias_templates
    Feature record: CXX_FEATURE:0cxx_alignas
    Feature record: CXX_FEATURE:0cxx_alignof
    Feature record: CXX_FEATURE:0cxx_attributes
    Feature record: CXX_FEATURE:0cxx_attribute_deprecated
    Feature record: CXX_FEATURE:0cxx_auto_type
    Feature record: CXX_FEATURE:0cxx_binary_literals
    Feature record: CXX_FEATURE:0cxx_constexpr
    Feature record: CXX_FEATURE:0cxx_contextual_conversions
    Feature record: CXX_FEATURE:0cxx_decltype
    Feature record: CXX_FEATURE:0cxx_decltype_auto
    Feature record: CXX_FEATURE:0cxx_decltype_incomplete_return_types
    Feature record: CXX_FEATURE:0cxx_default_function_template_args
    Feature record: CXX_FEATURE:0cxx_defaulted_functions
    Feature record: CXX_FEATURE:0cxx_defaulted_move_initializers
    Feature record: CXX_FEATURE:0cxx_delegating_constructors
    Feature record: CXX_FEATURE:0cxx_deleted_functions
    Feature record: CXX_FEATURE:0cxx_digit_separators
    Feature record: CXX_FEATURE:0cxx_enum_forward_declarations
    Feature record: CXX_FEATURE:0cxx_explicit_conversions
    Feature record: CXX_FEATURE:0cxx_extended_friend_declarations
    Feature record: CXX_FEATURE:0cxx_extern_templates
    Feature record: CXX_FEATURE:0cxx_final
    Feature record: CXX_FEATURE:0cxx_func_identifier
    Feature record: CXX_FEATURE:0cxx_generalized_initializers
    Feature record: CXX_FEATURE:0cxx_generic_lambdas
    Feature record: CXX_FEATURE:0cxx_inheriting_constructors
    Feature record: CXX_FEATURE:0cxx_inline_namespaces
    Feature record: CXX_FEATURE:0cxx_lambdas
    Feature record: CXX_FEATURE:0cxx_lambda_init_captures
    Feature record: CXX_FEATURE:0cxx_local_type_template_args
    Feature record: CXX_FEATURE:0cxx_long_long_type
    Feature record: CXX_FEATURE:0cxx_noexcept
    Feature record: CXX_FEATURE:0cxx_nonstatic_member_init
    Feature record: CXX_FEATURE:0cxx_nullptr
    Feature record: CXX_FEATURE:0cxx_override
    Feature record: CXX_FEATURE:0cxx_range_for
    Feature record: CXX_FEATURE:0cxx_raw_string_literals
    Feature record: CXX_FEATURE:0cxx_reference_qualified_functions
    Feature record: CXX_FEATURE:0cxx_relaxed_constexpr
    Feature record: CXX_FEATURE:0cxx_return_type_deduction
    Feature record: CXX_FEATURE:0cxx_right_angle_brackets
    Feature record: CXX_FEATURE:0cxx_rvalue_references
    Feature record: CXX_FEATURE:0cxx_sizeof_member
    Feature record: CXX_FEATURE:0cxx_static_assert
    Feature record: CXX_FEATURE:0cxx_strong_enums
    Feature record: CXX_FEATURE:1cxx_template_template_parameters
    Feature record: CXX_FEATURE:0cxx_thread_local
    Feature record: CXX_FEATURE:0cxx_trailing_return_types
    Feature record: CXX_FEATURE:0cxx_unicode_literals
    Feature record: CXX_FEATURE:0cxx_uniform_initialization
    Feature record: CXX_FEATURE:0cxx_unrestricted_unions
    Feature record: CXX_FEATURE:0cxx_user_literals
    Feature record: CXX_FEATURE:0cxx_variable_templates
    Feature record: CXX_FEATURE:0cxx_variadic_macros
    Feature record: CXX_FEATURE:0cxx_variadic_templates
